

Version:	3.12
CmdLine:	C:\Users\tmerwitz\eclipse-workspace\StarPather\StarPather.exe --l4j-debug
WOW64:		yes
Working dir:	C:\Users\tmerwitz\eclipse-workspace\StarPather\.
Java min ver:	1.004.000
Java max ver:	
64-bit search:	SOFTWARE\JavaSoft\Java Runtime Environment...
Check:		SOFTWARE\JavaSoft\Java Runtime Environment\1.8
Check launcher:	C:\Program Files\Java\jre1.8.0_201\bin\javaw.exe (OK)
Match:		1.008.000
Check:		SOFTWARE\JavaSoft\Java Runtime Environment\1.8.0_151
Check launcher:	C:\Program Files\Java\jre1.8.0_151\bin\javaw.exe (OK)
Match:		1.008.000_151
Check:		SOFTWARE\JavaSoft\Java Runtime Environment\1.8.0_201
Check launcher:	C:\Program Files\Java\jre1.8.0_201\bin\javaw.exe (OK)
Match:		1.008.000_201
64-bit search:	SOFTWARE\JavaSoft\Java Development Kit...
Check:		SOFTWARE\JavaSoft\Java Development Kit\1.8
Ignore:		1.008.000
Check:		SOFTWARE\JavaSoft\Java Development Kit\1.8.0_151
Ignore:		1.008.000_151
64-bit search:	SOFTWARE\JavaSoft\JRE...
64-bit search:	SOFTWARE\JavaSoft\JDK...
Runtime used:	1.008.000_201 (64-bit)
Launcher:	C:\Program Files\Java\jre1.8.0_201\bin\javaw.exe
Launcher args:	-jar "C:\Users\tmerwitz\eclipse-workspace\StarPather\StarPather.exe"
Args length:	68/32768 chars
Exit code:	0


Version:	3.12
CmdLine:	C:\Users\tmerwitz\eclipse-workspace\StarPather\StarPather.exe --l4j-debug
WOW64:		yes
Working dir:	C:\Users\tmerwitz\eclipse-workspace\StarPather\.
Java min ver:	1.004.000
Java max ver:	
64-bit search:	SOFTWARE\JavaSoft\Java Runtime Environment...
Check:		SOFTWARE\JavaSoft\Java Runtime Environment\1.8
Check launcher:	C:\Program Files\Java\jre1.8.0_201\bin\javaw.exe (OK)
Match:		1.008.000
Check:		SOFTWARE\JavaSoft\Java Runtime Environment\1.8.0_151
Check launcher:	C:\Program Files\Java\jre1.8.0_151\bin\javaw.exe (OK)
Match:		1.008.000_151
Check:		SOFTWARE\JavaSoft\Java Runtime Environment\1.8.0_201
Check launcher:	C:\Program Files\Java\jre1.8.0_201\bin\javaw.exe (OK)
Match:		1.008.000_201
64-bit search:	SOFTWARE\JavaSoft\Java Development Kit...
Check:		SOFTWARE\JavaSoft\Java Development Kit\1.8
Ignore:		1.008.000
Check:		SOFTWARE\JavaSoft\Java Development Kit\1.8.0_151
Ignore:		1.008.000_151
64-bit search:	SOFTWARE\JavaSoft\JRE...
64-bit search:	SOFTWARE\JavaSoft\JDK...
Runtime used:	1.008.000_201 (64-bit)
Launcher:	C:\Program Files\Java\jre1.8.0_201\bin\javaw.exe
Launcher args:	-jar "C:\Users\tmerwitz\eclipse-workspace\StarPather\StarPather.exe"
Args length:	68/32768 chars
Exit code:	0
